<?xml version="1.0" encoding="UTF-8"?>
<testng-results ignored="0" total="1" passed="0" failed="1" skipped="0">
  <reporter-output>
  </reporter-output>
  <suite started-at="2025-06-14T18:40:59 GST" name="Default suite" finished-at="2025-06-14T18:40:59 GST" duration-ms="626">
    <groups>
      <group name="cucumber">
        <method signature="AbstractTestNGCucumberTests.runScenario(io.cucumber.testng.PickleWrapper,io.cucumber.testng.FeatureWrapper)[pri:0, instance:CucumberFramework.TestNGTestRunner@2de23121]" name="runScenario" class="io.cucumber.testng.AbstractTestNGCucumberTests"/>
      </group> <!-- cucumber -->
    </groups>
    <test started-at="2025-06-14T18:40:59 GST" name="Default test" finished-at="2025-06-14T18:40:59 GST" duration-ms="626">
      <class name="CucumberFramework.TestNGTestRunner">
        <test-method is-config="true" signature="setUpClass(org.testng.ITestContext)[pri:0, instance:CucumberFramework.TestNGTestRunner@2de23121]" started-at="2025-06-14T18:40:59 GST" name="setUpClass" finished-at="2025-06-14T18:40:59 GST" duration-ms="425" status="PASS">
          <params>
            <param index="0">
              <value>
                <![CDATA[org.testng.TestRunner@74f7d1d2]]>
              </value>
            </param>
          </params>
          <reporter-output>
          </reporter-output>
        </test-method> <!-- setUpClass -->
        <test-method signature="runScenario(io.cucumber.testng.PickleWrapper,io.cucumber.testng.FeatureWrapper)[pri:0, instance:CucumberFramework.TestNGTestRunner@2de23121]" started-at="2025-06-14T18:40:59 GST" name="runScenario" description="Runs Cucumber Scenarios" data-provider="scenarios" finished-at="2025-06-14T18:40:59 GST" duration-ms="96" status="FAIL">
          <params>
            <param index="0">
              <value>
                <![CDATA["Sunday isn't Friday"]]>
              </value>
            </param>
            <param index="1">
              <value>
                <![CDATA["Is it Friday yet?"]]>
              </value>
            </param>
          </params>
          <exception class="io.cucumber.testng.UndefinedStepException">
            <message>
              <![CDATA[The step 'today is Sunday' and 2 other step(s) are undefined.
You can implement these steps using the snippet(s) below:

@Given("today is Sunday")
public void today_is_sunday() {
    // Write code here that turns the phrase above into concrete actions
    throw new io.cucumber.java.PendingException();
}
@When("I ask whether it's Friday yet")
public void i_ask_whether_it_s_friday_yet() {
    // Write code here that turns the phrase above into concrete actions
    throw new io.cucumber.java.PendingException();
}
@Then("I should be told {string}")
public void i_should_be_told(String string) {
    // Write code here that turns the phrase above into concrete actions
    throw new io.cucumber.java.PendingException();
}
]]>
            </message>
            <full-stacktrace>
              <![CDATA[io.cucumber.testng.UndefinedStepException: The step 'today is Sunday' and 2 other step(s) are undefined.
You can implement these steps using the snippet(s) below:

@Given("today is Sunday")
public void today_is_sunday() {
    // Write code here that turns the phrase above into concrete actions
    throw new io.cucumber.java.PendingException();
}
@When("I ask whether it's Friday yet")
public void i_ask_whether_it_s_friday_yet() {
    // Write code here that turns the phrase above into concrete actions
    throw new io.cucumber.java.PendingException();
}
@Then("I should be told {string}")
public void i_should_be_told(String string) {
    // Write code here that turns the phrase above into concrete actions
    throw new io.cucumber.java.PendingException();
}

at ✽.today is Sunday(file:///C:/Users/dines/eclipse-workspace/SeleniumFramework1/com.selenium.framework.design/src/test/java/hellocucumber/is_it_friday_yet.feature:5)
]]>
            </full-stacktrace>
          </exception> <!-- io.cucumber.testng.UndefinedStepException -->
          <reporter-output>
          </reporter-output>
        </test-method> <!-- runScenario -->
        <test-method is-config="true" signature="tearDownClass()[pri:0, instance:CucumberFramework.TestNGTestRunner@2de23121]" started-at="2025-06-14T18:40:59 GST" name="tearDownClass" finished-at="2025-06-14T18:40:59 GST" duration-ms="65" status="PASS">
          <reporter-output>
          </reporter-output>
        </test-method> <!-- tearDownClass -->
      </class> <!-- CucumberFramework.TestNGTestRunner -->
    </test> <!-- Default test -->
  </suite> <!-- Default suite -->
</testng-results>
