<?xml version="1.0" encoding="UTF-8"?>
<!-- Generated by org.testng.reporters.JUnitXMLReporter -->
<testsuite ignored="0" hostname="CADLaps" failures="1" tests="1" name="Default test" time="0.626" errors="0" timestamp="2025-06-14T18:40:59 GST">
  <testcase classname="io.cucumber.testng.AbstractTestNGCucumberTests" name="runScenario" time="0.096">
    <failure type="io.cucumber.testng.UndefinedStepException" message="The step &amp;apos;today is Sunday&amp;apos; and 2 other step(s) are undefined.
You can implement these steps using the snippet(s) below:

@Given(&amp;quot;today is Sunday&amp;quot;)
public void today_is_sunday() {
    // Write code here that turns the phrase above into concrete actions
    throw new io.cucumber.java.PendingException();
}
@When(&amp;quot;I ask whether it&amp;apos;s Friday yet&amp;quot;)
public void i_ask_whether_it_s_friday_yet() {
    // Write code here that turns the phrase above into concrete actions
    throw new io.cucumber.java.PendingException();
}
@Then(&amp;quot;I should be told {string}&amp;quot;)
public void i_should_be_told(String string) {
    // Write code here that turns the phrase above into concrete actions
    throw new io.cucumber.java.PendingException();
}
">
      <![CDATA[io.cucumber.testng.UndefinedStepException: The step 'today is Sunday' and 2 other step(s) are undefined.
You can implement these steps using the snippet(s) below:

@Given("today is Sunday")
public void today_is_sunday() {
    // Write code here that turns the phrase above into concrete actions
    throw new io.cucumber.java.PendingException();
}
@When("I ask whether it's Friday yet")
public void i_ask_whether_it_s_friday_yet() {
    // Write code here that turns the phrase above into concrete actions
    throw new io.cucumber.java.PendingException();
}
@Then("I should be told {string}")
public void i_should_be_told(String string) {
    // Write code here that turns the phrase above into concrete actions
    throw new io.cucumber.java.PendingException();
}

at ✽.today is Sunday(file:///C:/Users/dines/eclipse-workspace/SeleniumFramework1/com.selenium.framework.design/src/test/java/hellocucumber/is_it_friday_yet.feature:5)
]]>
    </failure>
  </testcase> <!-- runScenario -->
</testsuite> <!-- Default test -->
