<?xml version="1.0" encoding="UTF-8"?>
<!-- Generated by org.testng.reporters.JUnitReportReporter -->
<testsuite hostname="CADLaps" failures="0" tests="1" name="CucumberFramework.TestNGTestRunner" time="0.096" errors="1" timestamp="2025-06-14T18:40:59 GST" skipped="0">
  <testcase classname="CucumberFramework.TestNGTestRunner" name="runScenario" time="0.096">
    <error message="The step &#039;today is Sunday&#039; and 2 other step(s) are undefined.
You can implement these steps using the snippet(s) below:

@Given(&quot;today is Sunday&quot;)
public void today_is_sunday() {
    // Write code here that turns the phrase above into concrete actions
    throw new io.cucumber.java.PendingException();
}
@When(&quot;I ask whether it&#039;s Friday yet&quot;)
public void i_ask_whether_it_s_friday_yet() {
    // Write code here that turns the phrase above into concrete actions
    throw new io.cucumber.java.PendingException();
}
@Then(&quot;I should be told {string}&quot;)
public void i_should_be_told(String string) {
    // Write code here that turns the phrase above into concrete actions
    throw new io.cucumber.java.PendingException();
}
" type="io.cucumber.testng.UndefinedStepException">
      <![CDATA[io.cucumber.testng.UndefinedStepException: The step 'today is Sunday' and 2 other step(s) are undefined.
You can implement these steps using the snippet(s) below:

@Given("today is Sunday")
public void today_is_sunday() {
    // Write code here that turns the phrase above into concrete actions
    throw new io.cucumber.java.PendingException();
}
@When("I ask whether it's Friday yet")
public void i_ask_whether_it_s_friday_yet() {
    // Write code here that turns the phrase above into concrete actions
    throw new io.cucumber.java.PendingException();
}
@Then("I should be told {string}")
public void i_should_be_told(String string) {
    // Write code here that turns the phrase above into concrete actions
    throw new io.cucumber.java.PendingException();
}

at ✽.today is Sunday(file:///C:/Users/dines/eclipse-workspace/SeleniumFramework1/com.selenium.framework.design/src/test/java/hellocucumber/is_it_friday_yet.feature:5)
]]>
    </error>
  </testcase> <!-- runScenario -->
</testsuite> <!-- CucumberFramework.TestNGTestRunner -->
