<?xml version="1.0" encoding="UTF-8"?>
<!-- Generated by org.testng.reporters.JUnitReportReporter -->
<testsuite hostname="CADLaps" failures="0" tests="1" name="CucumberFramework.TestRunner" time="0.070" errors="1" timestamp="2025-06-14T17:48:44 GST" skipped="0">
  <testcase classname="CucumberFramework.TestRunner" name="runScenario" time="0.070">
    <error message="The step &#039;the user logs in with username &quot;nagarjuna.pc9@gmail.com&quot; and password &quot;Arjun789&quot;&#039; and 2 other step(s) are undefined.
You can implement these steps using the snippet(s) below:

@Given(&quot;the user logs in with username {string} and password {string}&quot;)
public void the_user_logs_in_with_username_and_password(String string, String string2) {
    // Write code here that turns the phrase above into concrete actions
    throw new io.cucumber.java.PendingException();
}
@When(&quot;the user selects the {string} from search results&quot;)
public void the_user_selects_the_from_search_results(String string) {
    // Write code here that turns the phrase above into concrete actions
    throw new io.cucumber.java.PendingException();
}
@Then(&quot;the shopping cart should contain {string}&quot;)
public void the_shopping_cart_should_contain(String string) {
    // Write code here that turns the phrase above into concrete actions
    throw new io.cucumber.java.PendingException();
}
" type="io.cucumber.testng.UndefinedStepException">
      <![CDATA[io.cucumber.testng.UndefinedStepException: The step 'the user logs in with username "nagarjuna.pc9@gmail.com" and password "Arjun789"' and 2 other step(s) are undefined.
You can implement these steps using the snippet(s) below:

@Given("the user logs in with username {string} and password {string}")
public void the_user_logs_in_with_username_and_password(String string, String string2) {
    // Write code here that turns the phrase above into concrete actions
    throw new io.cucumber.java.PendingException();
}
@When("the user selects the {string} from search results")
public void the_user_selects_the_from_search_results(String string) {
    // Write code here that turns the phrase above into concrete actions
    throw new io.cucumber.java.PendingException();
}
@Then("the shopping cart should contain {string}")
public void the_shopping_cart_should_contain(String string) {
    // Write code here that turns the phrase above into concrete actions
    throw new io.cucumber.java.PendingException();
}

at ✽.the user logs in with username "nagarjuna.pc9@gmail.com" and password "Arjun789"(file:///C:/Users/dines/eclipse-workspace/SeleniumFramework1/com.selenium.framework.design/src/test/java/CucumberFramework/PurchaseItems.feature:7)
]]>
    </error>
  </testcase> <!-- runScenario -->
</testsuite> <!-- CucumberFramework.TestRunner -->
